D:\COCOS2D-X\PROJECTS\TRAPIT\DEBUG.WIN32\TRAPIT.WIN32.EXE
D:\COCOS2D-X\PROJECTS\TRAPIT\DEBUG.WIN32\TRAPIT.WIN32.ILK
D:\COCOS2D-X\PROJECTS\TRAPIT\DEBUG.WIN32\TRAPIT.WIN32.PDB
D:\COCOS2D-X\PROJECTS\TRAPIT\TRAPIT\PROJ.WIN32\DEBUG.WIN32\APPDELEGATE.OBJ
D:\cocos2d-x\Projects\Trapit\Trapit\proj.win32\Debug.win32\cl.command.1.tlog
D:\cocos2d-x\Projects\Trapit\Trapit\proj.win32\Debug.win32\CL.read.1.tlog
D:\cocos2d-x\Projects\Trapit\Trapit\proj.win32\Debug.win32\CL.write.1.tlog
D:\COCOS2D-X\PROJECTS\TRAPIT\TRAPIT\PROJ.WIN32\DEBUG.WIN32\HELLOWORLDSCENE.OBJ
D:\cocos2d-x\Projects\Trapit\Trapit\proj.win32\Debug.win32\link.command.1.tlog
D:\cocos2d-x\Projects\Trapit\Trapit\proj.win32\Debug.win32\link.read.1.tlog
D:\cocos2d-x\Projects\Trapit\Trapit\proj.win32\Debug.win32\link.write.1.tlog
D:\cocos2d-x\Projects\Trapit\Trapit\proj.win32\Debug.win32\link-cvtres.read.1.tlog
D:\cocos2d-x\Projects\Trapit\Trapit\proj.win32\Debug.win32\link-cvtres.write.1.tlog
D:\COCOS2D-X\PROJECTS\TRAPIT\TRAPIT\PROJ.WIN32\DEBUG.WIN32\MAIN.OBJ
D:\cocos2d-x\Projects\Trapit\Trapit\proj.win32\Debug.win32\mt.command.1.tlog
D:\cocos2d-x\Projects\Trapit\Trapit\proj.win32\Debug.win32\mt.read.1.tlog
D:\cocos2d-x\Projects\Trapit\Trapit\proj.win32\Debug.win32\mt.write.1.tlog
D:\cocos2d-x\Projects\Trapit\Trapit\proj.win32\Debug.win32\rc.command.1.tlog
D:\cocos2d-x\Projects\Trapit\Trapit\proj.win32\Debug.win32\rc.read.1.tlog
D:\cocos2d-x\Projects\Trapit\Trapit\proj.win32\Debug.win32\rc.write.1.tlog
D:\COCOS2D-X\PROJECTS\TRAPIT\TRAPIT\PROJ.WIN32\DEBUG.WIN32\TRAPIT.RES
D:\COCOS2D-X\PROJECTS\TRAPIT\TRAPIT\PROJ.WIN32\DEBUG.WIN32\TRAPIT.WIN32.EXE.EMBED.MANIFEST
D:\COCOS2D-X\PROJECTS\TRAPIT\TRAPIT\PROJ.WIN32\DEBUG.WIN32\TRAPIT.WIN32.EXE.EMBED.MANIFEST.RES
D:\COCOS2D-X\PROJECTS\TRAPIT\TRAPIT\PROJ.WIN32\DEBUG.WIN32\TRAPIT.WIN32.EXE.INTERMEDIATE.MANIFEST
D:\cocos2d-x\Projects\Trapit\Trapit\proj.win32\Debug.win32\Trapit.win32_manifest.rc
D:\cocos2d-x\Projects\Trapit\Trapit\proj.win32\Debug.win32\vc100.idb
D:\COCOS2D-X\PROJECTS\TRAPIT\TRAPIT\PROJ.WIN32\DEBUG.WIN32\VC100.PDB
